<?xml version="1.0" encoding="UTF-8"?>
<!-- Generated by org.testng.reporters.JUnitReportReporter -->
<testsuite hostname="DESKTOP-39SF93M" failures="0" tests="1" name="test_package.Test_Cart" time="51.680" errors="0" timestamp="2021-08-26T15:28:23 EDT" skipped="0">
  <testcase classname="test_package.Test_Cart" name="cart_Functionality" time="51.680"/>
  <system-out/>
</testsuite> <!-- test_package.Test_Cart -->
