<?xml version="1.0" encoding="UTF-8"?>
<!-- Generated by org.testng.reporters.JUnitReportReporter -->
<testsuite hostname="DESKTOP-39SF93M" failures="0" tests="1" name="test_package.SignIn" time="50.594" errors="0" timestamp="2021-08-27T11:18:47 EDT" skipped="0">
  <testcase classname="test_package.SignIn" name="verifystartshopping" time="50.594"/>
  <system-out/>
</testsuite> <!-- test_package.SignIn -->
