<?xml version="1.0" encoding="UTF-8"?>
<!-- Generated by org.testng.reporters.JUnitReportReporter -->
<testsuite hostname="DESKTOP-39SF93M" failures="0" tests="1" name="test_package.Test_Invalid_CreateAccount" time="17.392" errors="0" timestamp="2021-08-21T14:47:51 EDT" skipped="0">
  <testcase classname="test_package.Test_Invalid_CreateAccount" name="invalid_Password" time="17.392"/>
  <system-out/>
</testsuite> <!-- test_package.Test_Invalid_CreateAccount -->
