<?xml version="1.0" encoding="UTF-8"?>
<!-- Generated by org.testng.reporters.JUnitReportReporter -->
<testsuite hostname="DESKTOP-39SF93M" failures="0" tests="1" name="test_package.PersonalSettingPageTest" time="55.513" errors="0" timestamp="2021-08-27T10:15:46 EDT" skipped="0">
  <testcase classname="test_package.PersonalSettingPageTest" name="changelanguage" time="55.513"/>
  <system-out/>
</testsuite> <!-- test_package.PersonalSettingPageTest -->
